<?xml version="1.0" encoding="UTF-8"?>
<!-- Generated by org.testng.reporters.JUnitReportReporter -->
<testsuite skipped="0" hostname="DESKTOP-3MGD66O" name="RunVer.NewVer1" tests="2" failures="0" timestamp="2020-07-15T19:35:00 EDT" time="10.957" errors="0">
  <testcase name="V" time="5.709" classname="RunVer.NewVer1"/>
  <testcase name="V" time="5.248" classname="RunVer.NewVer1"/>
</testsuite> <!-- RunVer.NewVer1 -->
