<?xml version="1.0" encoding="UTF-8"?>
<!-- Generated by org.testng.reporters.JUnitReportReporter -->
<testsuite skipped="0" hostname="DESKTOP-3MGD66O" name="RunVer.DataProvVer" tests="8" failures="0" timestamp="2020-07-16T16:35:27 EDT" time="110.796" errors="0">
  <testcase name="f" time="14.484" classname="RunVer.DataProvVer"/>
  <testcase name="f" time="12.506" classname="RunVer.DataProvVer"/>
  <testcase name="f" time="14.457" classname="RunVer.DataProvVer"/>
  <testcase name="f" time="12.606" classname="RunVer.DataProvVer"/>
  <testcase name="f" time="14.546" classname="RunVer.DataProvVer"/>
  <testcase name="f" time="14.121" classname="RunVer.DataProvVer"/>
  <testcase name="f" time="12.334" classname="RunVer.DataProvVer"/>
  <testcase name="f" time="15.742" classname="RunVer.DataProvVer"/>
</testsuite> <!-- RunVer.DataProvVer -->
